friday-native/app/build/intermediates/manifest_merge_blame_file/debug/processDebugMainManifest/manifest-merger-blame-debug-report.txt
1<?xml version="1.0" encoding="utf-8"?>
2<manifest xmlns:android="http://schemas.android.com/apk/res/android"
3    package="com.friday.assistant"
4    android:versionCode="6"
5    android:versionName="3.2.0" >
6
7    <uses-sdk
8        android:minSdkVersion="26"
9        android:targetSdkVersion="36" />
10
11    <!-- Permissions -->
12    <uses-permission android:name="android.permission.RECORD_AUDIO" />
12-->src/main/AndroidManifest.xml:6:5-71
12-->src/main/AndroidManifest.xml:6:22-68
13    <uses-permission android:name="android.permission.INTERNET" />
13-->src/main/AndroidManifest.xml:7:5-67
13-->src/main/AndroidManifest.xml:7:22-64
14    <uses-permission android:name="android.permission.FOREGROUND_SERVICE" />
14-->src/main/AndroidManifest.xml:8:5-77
14-->src/main/AndroidManifest.xml:8:22-74
15    <uses-permission android:name="android.permission.FOREGROUND_SERVICE_MICROPHONE" />
15-->src/main/AndroidManifest.xml:9:5-88
15-->src/main/AndroidManifest.xml:9:22-85
16    <uses-permission android:name="android.permission.FOREGROUND_SERVICE_MEDIA_PLAYBACK" />
16-->src/main/AndroidManifest.xml:10:5-92
16-->src/main/AndroidManifest.xml:10:22-89
17    <uses-permission android:name="android.permission.POST_NOTIFICATIONS" />
17-->src/main/AndroidManifest.xml:11:5-77
17-->src/main/AndroidManifest.xml:11:22-74
18    <uses-permission android:name="android.permission.SYSTEM_ALERT_WINDOW" />
18-->src/main/AndroidManifest.xml:12:5-78
18-->src/main/AndroidManifest.xml:12:22-75
19    <uses-permission android:name="android.permission.RECEIVE_BOOT_COMPLETED" />
19-->src/main/AndroidManifest.xml:13:5-81
19-->src/main/AndroidManifest.xml:13:22-78
20    <uses-permission android:name="android.permission.REQUEST_IGNORE_BATTERY_OPTIMIZATIONS" />
20-->src/main/AndroidManifest.xml:14:5-95
20-->src/main/AndroidManifest.xml:14:22-92
21    <uses-permission android:name="android.permission.ACCESS_NOTIFICATION_POLICY" />
21-->src/main/AndroidManifest.xml:15:5-85
21-->src/main/AndroidManifest.xml:15:22-82
22    <uses-permission android:name="android.permission.READ_CONTACTS" />
22-->src/main/AndroidManifest.xml:16:5-72
22-->src/main/AndroidManifest.xml:16:22-69
23    <uses-permission
23-->src/main/AndroidManifest.xml:17:5-18:38
24        android:name="android.permission.WRITE_EXTERNAL_STORAGE"
24-->src/main/AndroidManifest.xml:17:22-78
25        android:maxSdkVersion="28" />
25-->src/main/AndroidManifest.xml:18:9-35
26    <uses-permission android:name="android.permission.VIBRATE" />
26-->src/main/AndroidManifest.xml:19:5-66
26-->src/main/AndroidManifest.xml:19:22-63
27    <uses-permission android:name="android.permission.WAKE_LOCK" />
27-->src/main/AndroidManifest.xml:20:5-68
27-->src/main/AndroidManifest.xml:20:22-65
28    <uses-permission android:name="android.permission.SET_ALARM" />
28-->src/main/AndroidManifest.xml:21:5-68
28-->src/main/AndroidManifest.xml:21:22-65
29    <uses-permission android:name="android.permission.READ_CALENDAR" />
29-->src/main/AndroidManifest.xml:22:5-72
29-->src/main/AndroidManifest.xml:22:22-69
30
31    <uses-feature
31-->src/main/AndroidManifest.xml:24:5-88
32        android:name="android.hardware.microphone"
32-->src/main/AndroidManifest.xml:24:19-61
33        android:required="true" />
33-->src/main/AndroidManifest.xml:24:62-85
34
35    <permission
35-->[androidx.core:core:1.13.0] AndroidManifest.xml:22:5-24:47
36        android:name="com.friday.assistant.DYNAMIC_RECEIVER_NOT_EXPORTED_PERMISSION"
36-->[androidx.core:core:1.13.0] AndroidManifest.xml:23:9-81
37        android:protectionLevel="signature" />
37-->[androidx.core:core:1.13.0] AndroidManifest.xml:24:9-44
38
39    <uses-permission android:name="com.friday.assistant.DYNAMIC_RECEIVER_NOT_EXPORTED_PERMISSION" />
39-->[androidx.core:core:1.13.0] AndroidManifest.xml:26:5-97
39-->[androidx.core:core:1.13.0] AndroidManifest.xml:26:22-94
40
41    <application
41-->src/main/AndroidManifest.xml:26:5-148:19
42        android:allowBackup="true"
42-->src/main/AndroidManifest.xml:27:9-35
43        android:appComponentFactory="androidx.core.app.CoreComponentFactory"
43-->[androidx.core:core:1.13.0] AndroidManifest.xml:28:18-86
44        android:debuggable="true"
45        android:extractNativeLibs="false"
46        android:icon="@mipmap/ic_launcher"
46-->src/main/AndroidManifest.xml:28:9-43
47        android:label="@string/app_name"
47-->src/main/AndroidManifest.xml:29:9-41
48        android:supportsRtl="true"
48-->src/main/AndroidManifest.xml:30:9-35
49        android:theme="@style/Theme.Friday" >
49-->src/main/AndroidManifest.xml:31:9-44
50
51        <!-- ═══ Main Activity ═══ -->
52        <activity
52-->src/main/AndroidManifest.xml:35:9-44:20
53            android:name="com.friday.assistant.MainActivity"
53-->src/main/AndroidManifest.xml:36:13-41
54            android:exported="true"
54-->src/main/AndroidManifest.xml:37:13-36
55            android:launchMode="singleTop"
55-->src/main/AndroidManifest.xml:39:13-43
56            android:screenOrientation="portrait" >
56-->src/main/AndroidManifest.xml:38:13-49
57            <intent-filter>
57-->src/main/AndroidManifest.xml:40:13-43:29
58                <action android:name="android.intent.action.MAIN" />
58-->src/main/AndroidManifest.xml:41:17-69
58-->src/main/AndroidManifest.xml:41:25-66
59
60                <category android:name="android.intent.category.LAUNCHER" />
60-->src/main/AndroidManifest.xml:42:17-77
60-->src/main/AndroidManifest.xml:42:27-74
61            </intent-filter>
62        </activity>
63
64        <!-- ═══ Assistant Activity — handles the ASSIST intent ═══ -->
65        <activity
65-->src/main/AndroidManifest.xml:47:9-59:20
66            android:name="com.friday.assistant.AssistantActivity"
66-->src/main/AndroidManifest.xml:48:13-46
67            android:excludeFromRecents="true"
67-->src/main/AndroidManifest.xml:53:13-46
68            android:exported="true"
68-->src/main/AndroidManifest.xml:49:13-36
69            android:launchMode="singleTop"
69-->src/main/AndroidManifest.xml:51:13-43
70            android:screenOrientation="portrait"
70-->src/main/AndroidManifest.xml:50:13-49
71            android:taskAffinity="com.friday.assistant.assistant"
71-->src/main/AndroidManifest.xml:54:13-66
72            android:theme="@style/Theme.Friday.Assistant" >
72-->src/main/AndroidManifest.xml:52:13-58
73            <intent-filter>
73-->src/main/AndroidManifest.xml:55:13-58:29
74                <action android:name="android.intent.action.ASSIST" />
74-->src/main/AndroidManifest.xml:56:17-71
74-->src/main/AndroidManifest.xml:56:25-68
75
76                <category android:name="android.intent.category.DEFAULT" />
76-->src/main/AndroidManifest.xml:57:17-76
76-->src/main/AndroidManifest.xml:57:27-73
77            </intent-filter>
78        </activity>
79
80        <!-- ═══ Onboarding Activity ═══ -->
81        <activity
81-->src/main/AndroidManifest.xml:62:9-65:52
82            android:name="com.friday.assistant.OnboardingActivity"
82-->src/main/AndroidManifest.xml:63:13-47
83            android:exported="false"
83-->src/main/AndroidManifest.xml:64:13-37
84            android:screenOrientation="portrait" />
84-->src/main/AndroidManifest.xml:65:13-49
85
86        <!-- ═══ Settings Activity ═══ -->
87        <activity
87-->src/main/AndroidManifest.xml:68:9-72:54
88            android:name="com.friday.assistant.SettingsActivity"
88-->src/main/AndroidManifest.xml:69:13-45
89            android:exported="false"
89-->src/main/AndroidManifest.xml:70:13-37
90            android:label="@string/title_settings"
90-->src/main/AndroidManifest.xml:72:13-51
91            android:screenOrientation="portrait" />
91-->src/main/AndroidManifest.xml:71:13-49
92
93        <!-- ═══ Custom Commands Activity ═══ -->
94        <activity
94-->src/main/AndroidManifest.xml:75:9-79:47
95            android:name="com.friday.assistant.CustomCommandsActivity"
95-->src/main/AndroidManifest.xml:76:13-51
96            android:exported="false"
96-->src/main/AndroidManifest.xml:77:13-37
97            android:label="Custom Commands"
97-->src/main/AndroidManifest.xml:79:13-44
98            android:screenOrientation="portrait" />
98-->src/main/AndroidManifest.xml:78:13-49
99
100        <!-- ═══ Voice Interaction Service ═══ -->
101        <!--
102             This is the bootstrap point that Android uses to recognise Friday
103             as a valid assistant. Without it, Friday never appears in the
104             default assistant picker.
105        -->
106        <service
106-->src/main/AndroidManifest.xml:85:9-96:19
107            android:name="com.friday.assistant.service.FridayVoiceInteractionService"
107-->src/main/AndroidManifest.xml:86:13-66
108            android:exported="true"
108-->src/main/AndroidManifest.xml:89:13-36
109            android:label="Friday"
109-->src/main/AndroidManifest.xml:87:13-35
110            android:permission="android.permission.BIND_VOICE_INTERACTION" >
110-->src/main/AndroidManifest.xml:88:13-75
111            <intent-filter>
111-->src/main/AndroidManifest.xml:90:13-92:29
112                <action android:name="android.service.voice.VoiceInteractionService" />
112-->src/main/AndroidManifest.xml:91:17-88
112-->src/main/AndroidManifest.xml:91:25-85
113            </intent-filter>
114
115            <meta-data
115-->src/main/AndroidManifest.xml:93:13-95:61
116                android:name="android.voice_interaction"
116-->src/main/AndroidManifest.xml:94:17-57
117                android:resource="@xml/voice_interaction" />
117-->src/main/AndroidManifest.xml:95:17-58
118        </service>
119
120        <!-- ═══ Voice Interaction Session Service ═══ -->
121        <!--
122             REQUIRED: Android will not show Friday in the assistant picker
123             unless both VoiceInteractionService AND VoiceInteractionSessionService
124             are declared and properly linked via voice_interaction.xml.
125        -->
126        <service
126-->src/main/AndroidManifest.xml:102:9-106:39
127            android:name="com.friday.assistant.service.FridaySessionService"
127-->src/main/AndroidManifest.xml:103:13-57
128            android:exported="true"
128-->src/main/AndroidManifest.xml:106:13-36
129            android:label="Friday Session"
129-->src/main/AndroidManifest.xml:104:13-43
130            android:permission="android.permission.BIND_VOICE_INTERACTION" />
130-->src/main/AndroidManifest.xml:105:13-75
131
132        <!-- ═══ Recognition Service ═══ -->
133        <!--
134             Required by voice_interaction.xml's recognitionService attribute.
135             Delegates to the device's built-in Google Speech Services.
136        -->
137        <service
137-->src/main/AndroidManifest.xml:111:9-122:19
138            android:name="com.friday.assistant.service.FridayRecognitionService"
138-->src/main/AndroidManifest.xml:112:13-61
139            android:exported="true"
139-->src/main/AndroidManifest.xml:115:13-36
140            android:label="Friday Speech Recognition"
140-->src/main/AndroidManifest.xml:113:13-54
141            android:permission="android.permission.BIND_VOICE_INTERACTION" >
141-->src/main/AndroidManifest.xml:114:13-75
142            <intent-filter>
142-->src/main/AndroidManifest.xml:116:13-118:29
143                <action android:name="android.speech.RecognitionService" />
143-->src/main/AndroidManifest.xml:117:17-76
143-->src/main/AndroidManifest.xml:117:25-73
144            </intent-filter>
145
146            <meta-data
146-->src/main/AndroidManifest.xml:119:13-121:61
147                android:name="android.speech"
147-->src/main/AndroidManifest.xml:120:17-46
148                android:resource="@xml/voice_interaction" />
148-->src/main/AndroidManifest.xml:121:17-58
149        </service>
150
151        <!-- ═══ Foreground Service ═══ -->
152        <service
152-->src/main/AndroidManifest.xml:125:9-129:44
153            android:name="com.friday.assistant.service.FridayForegroundService"
153-->src/main/AndroidManifest.xml:126:13-60
154            android:exported="false"
154-->src/main/AndroidManifest.xml:127:13-37
155            android:foregroundServiceType="microphone|mediaPlayback"
155-->src/main/AndroidManifest.xml:128:13-69
156            android:stopWithTask="false" />
156-->src/main/AndroidManifest.xml:129:13-41
157
158        <!-- ═══ Peek Overlay Service ═══ -->
159        <service
159-->src/main/AndroidManifest.xml:132:9-134:40
160            android:name="com.friday.assistant.service.PeekOverlayService"
160-->src/main/AndroidManifest.xml:133:13-55
161            android:exported="false" />
161-->src/main/AndroidManifest.xml:134:13-37
162
163        <!-- ═══ Boot Receiver ═══ -->
164        <receiver
164-->src/main/AndroidManifest.xml:137:9-146:20
165            android:name="com.friday.assistant.service.BootReceiver"
165-->src/main/AndroidManifest.xml:138:13-49
166            android:enabled="true"
166-->src/main/AndroidManifest.xml:140:13-35
167            android:exported="true" >
167-->src/main/AndroidManifest.xml:139:13-36
168            <intent-filter>
168-->src/main/AndroidManifest.xml:141:13-145:29
169                <action android:name="android.intent.action.BOOT_COMPLETED" />
169-->src/main/AndroidManifest.xml:142:17-79
169-->src/main/AndroidManifest.xml:142:25-76
170                <action android:name="android.intent.action.QUICKBOOT_POWERON" />
170-->src/main/AndroidManifest.xml:143:17-82
170-->src/main/AndroidManifest.xml:143:25-79
171                <action android:name="android.intent.action.MY_PACKAGE_REPLACED" />
171-->src/main/AndroidManifest.xml:144:17-84
171-->src/main/AndroidManifest.xml:144:25-81
172            </intent-filter>
173        </receiver>
174
175        <service
175-->[androidx.room:room-runtime:2.6.1] AndroidManifest.xml:24:9-28:63
176            android:name="androidx.room.MultiInstanceInvalidationService"
176-->[androidx.room:room-runtime:2.6.1] AndroidManifest.xml:25:13-74
177            android:directBootAware="true"
177-->[androidx.room:room-runtime:2.6.1] AndroidManifest.xml:26:13-43
178            android:exported="false" />
178-->[androidx.room:room-runtime:2.6.1] AndroidManifest.xml:27:13-37
179
180        <provider
180-->[androidx.emoji2:emoji2:1.3.0] AndroidManifest.xml:24:9-32:20
181            android:name="androidx.startup.InitializationProvider"
181-->[androidx.emoji2:emoji2:1.3.0] AndroidManifest.xml:25:13-67
182            android:authorities="com.friday.assistant.androidx-startup"
182-->[androidx.emoji2:emoji2:1.3.0] AndroidManifest.xml:26:13-68
183            android:exported="false" >
183-->[androidx.emoji2:emoji2:1.3.0] AndroidManifest.xml:27:13-37
184            <meta-data
184-->[androidx.emoji2:emoji2:1.3.0] AndroidManifest.xml:29:13-31:52
185                android:name="androidx.emoji2.text.EmojiCompatInitializer"
185-->[androidx.emoji2:emoji2:1.3.0] AndroidManifest.xml:30:17-75
186                android:value="androidx.startup" />
186-->[androidx.emoji2:emoji2:1.3.0] AndroidManifest.xml:31:17-49
187            <meta-data
187-->[androidx.lifecycle:lifecycle-process:2.6.2] AndroidManifest.xml:29:13-31:52
188                android:name="androidx.lifecycle.ProcessLifecycleInitializer"
188-->[androidx.lifecycle:lifecycle-process:2.6.2] AndroidManifest.xml:30:17-78
189                android:value="androidx.startup" />
189-->[androidx.lifecycle:lifecycle-process:2.6.2] AndroidManifest.xml:31:17-49
190            <meta-data
190-->[androidx.profileinstaller:profileinstaller:1.4.0] AndroidManifest.xml:29:13-31:52
191                android:name="androidx.profileinstaller.ProfileInstallerInitializer"
191-->[androidx.profileinstaller:profileinstaller:1.4.0] AndroidManifest.xml:30:17-85
192                android:value="androidx.startup" />
192-->[androidx.profileinstaller:profileinstaller:1.4.0] AndroidManifest.xml:31:17-49
193        </provider>
194
195        <uses-library
195-->[androidx.window:window:1.0.0] AndroidManifest.xml:25:9-27:40
196            android:name="androidx.window.extensions"
196-->[androidx.window:window:1.0.0] AndroidManifest.xml:26:13-54
197            android:required="false" />
197-->[androidx.window:window:1.0.0] AndroidManifest.xml:27:13-37
198        <uses-library
198-->[androidx.window:window:1.0.0] AndroidManifest.xml:28:9-30:40
199            android:name="androidx.window.sidecar"
199-->[androidx.window:window:1.0.0] AndroidManifest.xml:29:13-51
200            android:required="false" />
200-->[androidx.window:window:1.0.0] AndroidManifest.xml:30:13-37
201
202        <receiver
202-->[androidx.profileinstaller:profileinstaller:1.4.0] AndroidManifest.xml:34:9-52:20
203            android:name="androidx.profileinstaller.ProfileInstallReceiver"
203-->[androidx.profileinstaller:profileinstaller:1.4.0] AndroidManifest.xml:35:13-76
204            android:directBootAware="false"
204-->[androidx.profileinstaller:profileinstaller:1.4.0] AndroidManifest.xml:36:13-44
205            android:enabled="true"
205-->[androidx.profileinstaller:profileinstaller:1.4.0] AndroidManifest.xml:37:13-35
206            android:exported="true"
206-->[androidx.profileinstaller:profileinstaller:1.4.0] AndroidManifest.xml:38:13-36
207            android:permission="android.permission.DUMP" >
207-->[androidx.profileinstaller:profileinstaller:1.4.0] AndroidManifest.xml:39:13-57
208            <intent-filter>
208-->[androidx.profileinstaller:profileinstaller:1.4.0] AndroidManifest.xml:40:13-42:29
209                <action android:name="androidx.profileinstaller.action.INSTALL_PROFILE" />
209-->[androidx.profileinstaller:profileinstaller:1.4.0] AndroidManifest.xml:41:17-91
209-->[androidx.profileinstaller:profileinstaller:1.4.0] AndroidManifest.xml:41:25-88
210            </intent-filter>
211            <intent-filter>
211-->[androidx.profileinstaller:profileinstaller:1.4.0] AndroidManifest.xml:43:13-45:29
212                <action android:name="androidx.profileinstaller.action.SKIP_FILE" />
212-->[androidx.profileinstaller:profileinstaller:1.4.0] AndroidManifest.xml:44:17-85
212-->[androidx.profileinstaller:profileinstaller:1.4.0] AndroidManifest.xml:44:25-82
213            </intent-filter>
214            <intent-filter>
214-->[androidx.profileinstaller:profileinstaller:1.4.0] AndroidManifest.xml:46:13-48:29
215                <action android:name="androidx.profileinstaller.action.SAVE_PROFILE" />
215-->[androidx.profileinstaller:profileinstaller:1.4.0] AndroidManifest.xml:47:17-88
215-->[androidx.profileinstaller:profileinstaller:1.4.0] AndroidManifest.xml:47:25-85
216            </intent-filter>
217            <intent-filter>
217-->[androidx.profileinstaller:profileinstaller:1.4.0] AndroidManifest.xml:49:13-51:29
218                <action android:name="androidx.profileinstaller.action.BENCHMARK_OPERATION" />
218-->[androidx.profileinstaller:profileinstaller:1.4.0] AndroidManifest.xml:50:17-95
218-->[androidx.profileinstaller:profileinstaller:1.4.0] AndroidManifest.xml:50:25-92
219            </intent-filter>
220        </receiver>
221    </application>
222
223</manifest>